<?xml version="1.0" encoding="UTF-8"?>
<!-- Generated by org.testng.reporters.JUnitXMLReporter -->
<testsuite ignored="0" hostname="LTIN674123" failures="0" tests="8" name="aditya&#039;s Test Suite" time="64.263" errors="0" timestamp="2026-02-25T15:51:26 IST">
  <testcase classname="com.insureedge.tests.aditya.AccessibilityCreateAccountFormTest" name="focusOrderInsideForm_shouldMatchDom" time="2.229"/>
  <testcase classname="com.insureedge.tests.aditya.AdminDashboardAccessibilityTest" name="cardsHaveDiscernibleNames" time="0.312"/>
  <testcase classname="com.insureedge.tests.aditya.AdminDashboardAccessibilityTest" name="simpleFocusOrderOnCards" time="0.308"/>
  <testcase classname="com.insureedge.tests.aditya.AdminDashboardCardsTest" name="countsAreNumericAndNonNegative" time="0.271"/>
  <testcase classname="com.insureedge.tests.aditya.AdminDashboardCardsTest" name="clickableCardsNavigate_questionsDoesNot" time="3.596"/>
  <testcase classname="com.insureedge.tests.aditya.MapStatusCardsTest" name="countsShouldBeNumeric" time="0.269"/>
  <testcase classname="com.insureedge.tests.aditya.MapStatusCardsTest" name="eachCardHasNavigableHref" time="0.461"/>
  <testcase classname="com.insureedge.tests.aditya.MapStatusCardsTest" name="clickingEachCardNavigatesToCorrectListPage" time="3.731"/>
</testsuite> <!-- aditya's Test Suite -->
