<?xml version="1.0" encoding="UTF-8"?>
<!-- Generated by org.testng.reporters.JUnitXMLReporter -->
<testsuite ignored="0" hostname="LTIN674123" failures="0" tests="10" name="harish&#039;s Test Suite" time="63.558" errors="0" timestamp="2026-02-25T15:54:44 IST">
  <testcase classname="com.insureedge.tests.harish.US17P3_01_InsurEdgeLogoTitleDisplay_UI_Validation" name="testLogoVisibility" time="0.035"/>
  <testcase classname="com.insureedge.tests.harish.US17P3_01_InsurEdgeLogoTitleDisplay_UI_Validation" name="title" time="0.047"/>
  <testcase classname="com.insureedge.tests.harish.US17P3_12MandatoryFieldsUsernamePassword" name="runOriginalScenariosWithBaseDriver" time="1.498"/>
  <testcase classname="com.insureedge.tests.harish.US17P3_17PrimaryFieldsNameEmailUIValidation" name="testEnterNameAndEmailOnCreateAccount" time="0.859"/>
  <testcase classname="com.insureedge.tests.harish.US17P3_21MandatoryFields_T_C_FunctionalValidation_Sprint2" name="test_NameIsEmpty" time="1.297"/>
  <testcase classname="com.insureedge.tests.harish.US17P3_21MandatoryFields_T_C_FunctionalValidation_Sprint2" name="test_EmailIsEmpty" time="1.589"/>
  <testcase classname="com.insureedge.tests.harish.US17P3_25_BreadcrumbValidation" name="validateBreadcrumbHomeDashboard" time="0.466"/>
  <testcase classname="com.insureedge.tests.harish.US17P3_27PageSections_HeaderCardsFooter_UI_Validation" name="validatePageSections" time="0.278"/>
  <testcase classname="com.insureedge.tests.harish.US17P306LoginButtonUIValidation" name="testLoginButtonEnabled" time="0.023"/>
  <testcase classname="com.insureedge.tests.harish.US17P306LoginButtonUIValidation" name="testLoginButtonText" time="0.017"/>
</testsuite> <!-- harish's Test Suite -->
