<?xml version="1.0" encoding="UTF-8"?>
<!-- Generated by org.testng.reporters.JUnitXMLReporter -->
<testsuite ignored="0" hostname="LTIN674123" failures="0" tests="25" name="sarbik&#039;s Test Suite" time="55.004" errors="0" timestamp="2026-02-25T15:52:21 IST">
  <testcase classname="com.insureedge.tests.sarbik.InsureEdgeUS17P3_03Test" name="verifyCannotTypeOnPrefix" time="0.107"/>
  <testcase classname="com.insureedge.tests.sarbik.InsureEdgeUS17P3_03Test" name="verifyLabelTextAndColor" time="0.065"/>
  <testcase classname="com.insureedge.tests.sarbik.InsureEdgeUS17P3_03Test" name="verifyPrefixAndUsernameBackgroundColors" time="0.066"/>
  <testcase classname="com.insureedge.tests.sarbik.InsureEdgeUS17P3_03Test" name="verifyPrefixNonClickable" time="0.054"/>
  <testcase classname="com.insureedge.tests.sarbik.InsureEdgeUS17P3_03Test" name="verifyUsernameFieldVisible" time="0.017"/>
  <testcase classname="com.insureedge.tests.sarbik.InsureEdgeUS17P3_03Test" name="verifyUsernameInput" time="0.21"/>
  <testcase classname="com.insureedge.tests.sarbik.InsureEdgeUS17P3_08Test" name="verifyFooterNonClickable" time="0.053"/>
  <testcase classname="com.insureedge.tests.sarbik.InsureEdgeUS17P3_08Test" name="verifyFooterTextColor" time="0.068"/>
  <testcase classname="com.insureedge.tests.sarbik.InsureEdgeUS17P3_08Test" name="verifyFooterVisible" time="0.035"/>
  <testcase classname="com.insureedge.tests.sarbik.InsureEdgeUS17P3_13Test" name="task1_verifyLogoAndHeaderVisibility" time="0.035"/>
  <testcase classname="com.insureedge.tests.sarbik.InsureEdgeUS17P3_13Test" name="task2_checkHeaderClickable" time="0.566"/>
  <testcase classname="com.insureedge.tests.sarbik.InsureEdgeUS17P3_13Test" name="task3_validateLogoLeftOfText" time="0.063"/>
  <testcase classname="com.insureedge.tests.sarbik.InsureEdgeUS17P3_13Test" name="task4_verifyHeaderVisibility" time="0.022"/>
  <testcase classname="com.insureedge.tests.sarbik.InsureEdgeUS17P3_13Test" name="task6_verifyHeaderColor" time="0.037"/>
  <testcase classname="com.insureedge.tests.sarbik.InsureEdgeUS17P3_18Test" name="visibilityOfCheckboxAndText" time="0.045"/>
  <testcase classname="com.insureedge.tests.sarbik.InsureEdgeUS17P3_18Test" name="termsLinkClickableAndColor" time="0.187"/>
  <testcase classname="com.insureedge.tests.sarbik.InsureEdgeUS17P3_18Test" name="layoutAndCheckboxSelect" time="0.264"/>
  <testcase classname="com.insureedge.tests.sarbik.InsureEdgeUS17P3_29Test" name="validateAllCardUI" time="4.676"/>
  <testcase classname="com.insureedge.tests.sarbik.InsureEdgeUS17P3_23Test" name="nameFieldValidation" time="0.217"/>
  <testcase classname="com.insureedge.tests.sarbik.InsureEdgeUS17P3_23Test" name="emailFieldValidation" time="0.199"/>
  <testcase classname="com.insureedge.tests.sarbik.InsureEdgeUS17P3_23Test" name="usernameFieldValidation" time="0.113"/>
  <testcase classname="com.insureedge.tests.sarbik.InsureEdgeUS17P3_23Test" name="passwordFieldValidation" time="0.133"/>
  <testcase classname="com.insureedge.tests.sarbik.InsureEdgeUS17P3_23Test" name="checkboxValidation" time="0.1"/>
  <testcase classname="com.insureedge.tests.sarbik.InsureEdgeUS17P3_23Test" name="captureColors" time="0.063"/>
  <testcase classname="com.insureedge.tests.sarbik.InsureEdgeUS17P3_23Test" name="errorPositionCheck" time="0.05"/>
</testsuite> <!-- sarbik's Test Suite -->
