<?xml version="1.0" encoding="UTF-8"?>
<!-- Generated by org.testng.reporters.JUnitXMLReporter -->
<testsuite ignored="0" hostname="LTIN674123" failures="0" tests="5" name="shubham&#039;s Test Suite" time="24.708" errors="0" timestamp="2026-02-25T15:53:40 IST">
  <testcase classname="com.insureedge.tests.shubham.DashboardUiTests" name="invalidCredentials_ShouldShowErrorMessage" time="2.955"/>
  <testcase classname="com.insureedge.tests.shubham.DashboardUiTests" name="rememberMe_UiValidation" time="0.616"/>
  <testcase classname="com.insureedge.tests.shubham.LoginUiTests" name="invalidCredentials_ShouldShowErrorMessage" time="1.763"/>
  <testcase classname="com.insureedge.tests.shubham.LoginUiTests" name="rememberMe_UiValidation" time="0.706"/>
  <testcase classname="com.insureedge.tests.shubham.RegistrationUiTests" name="register_PrimaryFields_UiValidation" time="1.869"/>
</testsuite> <!-- shubham's Test Suite -->
