<?xml version="1.0" encoding="UTF-8"?>
<!-- Generated by org.testng.reporters.JUnitXMLReporter -->
<testsuite ignored="0" hostname="LTIN674123" failures="0" tests="8" name="sounak&#039;s Test Suite" time="54.592" errors="0" timestamp="2026-02-25T15:53:16 IST">
  <testcase classname="com.insureedge.tests.sounak.US17P3_02" name="header_ShouldMatchExpectedText" time="0.842"/>
  <testcase classname="com.insureedge.tests.sounak.US17P3_07" name="checkText" time="0.813"/>
  <testcase classname="com.insureedge.tests.sounak.US17P3_07" name="checkURL" time="0.419"/>
  <testcase classname="com.insureedge.tests.sounak.US17P3_13" name="rememberMe" time="2.358"/>
  <testcase classname="com.insureedge.tests.sounak.US17P3_17" name="capturePasswordFieldScreenshot" time="0.9"/>
  <testcase classname="com.insureedge.tests.sounak.US17P3_30" name="registeredUserTest" time="7.309"/>
  <testcase classname="com.insureedge.tests.sounak.US17P3_30" name="listedPoliciesTest" time="7.842"/>
  <testcase classname="com.insureedge.tests.sounak.US17P3_30" name="listedCategoriesTest" time="6.533"/>
</testsuite> <!-- sounak's Test Suite -->
