<?xml version="1.0" encoding="UTF-8"?>
<testng-results ignored="0" total="56" passed="56" failed="0" skipped="0">
  <reporter-output>
  </reporter-output>
  <suite started-at="2026-02-25T15:50:22 IST" name="All Tests" finished-at="2026-02-25T15:54:44 IST" duration-ms="262225">
    <groups>
    </groups>
    <test started-at="2026-02-25T15:50:22 IST" name="aditya&#039;s Test Suite" finished-at="2026-02-25T15:51:26 IST" duration-ms="64263">
      <class name="com.insureedge.tests.aditya.AdminDashboardAccessibilityTest">
        <test-method is-config="true" signature="baseSetup()[pri:0, instance:com.insureedge.tests.aditya.AdminDashboardAccessibilityTest@3fc2959f]" started-at="2026-02-25T15:50:35 IST" name="baseSetup" finished-at="2026-02-25T15:50:45 IST" duration-ms="10140" status="PASS">
          <reporter-output>
          </reporter-output>
        </test-method> <!-- baseSetup -->
        <test-method signature="cardsHaveDiscernibleNames()[pri:1, instance:com.insureedge.tests.aditya.AdminDashboardAccessibilityTest@3fc2959f]" started-at="2026-02-25T15:50:45 IST" name="cardsHaveDiscernibleNames" finished-at="2026-02-25T15:50:46 IST" duration-ms="312" status="PASS">
          <reporter-output>
          </reporter-output>
        </test-method> <!-- cardsHaveDiscernibleNames -->
        <test-method signature="simpleFocusOrderOnCards()[pri:2, instance:com.insureedge.tests.aditya.AdminDashboardAccessibilityTest@3fc2959f]" started-at="2026-02-25T15:50:46 IST" name="simpleFocusOrderOnCards" finished-at="2026-02-25T15:50:46 IST" duration-ms="308" status="PASS">
          <reporter-output>
          </reporter-output>
        </test-method> <!-- simpleFocusOrderOnCards -->
        <test-method is-config="true" signature="baseTeardown()[pri:0, instance:com.insureedge.tests.aditya.AdminDashboardAccessibilityTest@3fc2959f]" started-at="2026-02-25T15:50:46 IST" name="baseTeardown" finished-at="2026-02-25T15:50:50 IST" duration-ms="3835" status="PASS">
          <reporter-output>
          </reporter-output>
        </test-method> <!-- baseTeardown -->
      </class> <!-- com.insureedge.tests.aditya.AdminDashboardAccessibilityTest -->
      <class name="com.insureedge.tests.aditya.AdminDashboardCardsTest_US17P3_26">
        <test-method is-config="true" signature="baseSetup()[pri:0, instance:com.insureedge.tests.aditya.AdminDashboardCardsTest_US17P3_26@5aa9e4eb]" started-at="2026-02-25T15:50:50 IST" name="baseSetup" finished-at="2026-02-25T15:51:00 IST" duration-ms="9683" status="PASS">
          <reporter-output>
          </reporter-output>
        </test-method> <!-- baseSetup -->
        <test-method signature="countsAreNumericAndNonNegative()[pri:1, instance:com.insureedge.tests.aditya.AdminDashboardCardsTest_US17P3_26@5aa9e4eb]" started-at="2026-02-25T15:51:00 IST" name="countsAreNumericAndNonNegative" finished-at="2026-02-25T15:51:00 IST" duration-ms="271" status="PASS">
          <reporter-output>
          </reporter-output>
        </test-method> <!-- countsAreNumericAndNonNegative -->
        <test-method signature="clickableCardsNavigate_questionsDoesNot()[pri:2, instance:com.insureedge.tests.aditya.AdminDashboardCardsTest_US17P3_26@5aa9e4eb]" started-at="2026-02-25T15:51:00 IST" name="clickableCardsNavigate_questionsDoesNot" finished-at="2026-02-25T15:51:03 IST" duration-ms="3596" status="PASS">
          <reporter-output>
          </reporter-output>
        </test-method> <!-- clickableCardsNavigate_questionsDoesNot -->
        <test-method is-config="true" signature="baseTeardown()[pri:0, instance:com.insureedge.tests.aditya.AdminDashboardCardsTest_US17P3_26@5aa9e4eb]" started-at="2026-02-25T15:51:03 IST" name="baseTeardown" finished-at="2026-02-25T15:51:07 IST" duration-ms="3971" status="PASS">
          <reporter-output>
          </reporter-output>
        </test-method> <!-- baseTeardown -->
      </class> <!-- com.insureedge.tests.aditya.AdminDashboardCardsTest_US17P3_26 -->
      <class name="com.insureedge.tests.aditya.MapStatusCardsTest_US17P3_31">
        <test-method is-config="true" signature="baseSetup()[pri:0, instance:com.insureedge.tests.aditya.MapStatusCardsTest_US17P3_31@6989da5e]" started-at="2026-02-25T15:51:07 IST" name="baseSetup" finished-at="2026-02-25T15:51:17 IST" duration-ms="9726" status="PASS">
          <reporter-output>
          </reporter-output>
        </test-method> <!-- baseSetup -->
        <test-method signature="countsShouldBeNumeric()[pri:1, instance:com.insureedge.tests.aditya.MapStatusCardsTest_US17P3_31@6989da5e]" started-at="2026-02-25T15:51:17 IST" name="countsShouldBeNumeric" finished-at="2026-02-25T15:51:17 IST" duration-ms="269" status="PASS">
          <reporter-output>
          </reporter-output>
        </test-method> <!-- countsShouldBeNumeric -->
        <test-method signature="eachCardHasNavigableHref()[pri:2, instance:com.insureedge.tests.aditya.MapStatusCardsTest_US17P3_31@6989da5e]" started-at="2026-02-25T15:51:17 IST" name="eachCardHasNavigableHref" finished-at="2026-02-25T15:51:18 IST" duration-ms="461" status="PASS">
          <reporter-output>
          </reporter-output>
        </test-method> <!-- eachCardHasNavigableHref -->
        <test-method signature="clickingEachCardNavigatesToCorrectListPage()[pri:3, instance:com.insureedge.tests.aditya.MapStatusCardsTest_US17P3_31@6989da5e]" started-at="2026-02-25T15:51:18 IST" name="clickingEachCardNavigatesToCorrectListPage" finished-at="2026-02-25T15:51:22 IST" duration-ms="3731" status="PASS">
          <reporter-output>
          </reporter-output>
        </test-method> <!-- clickingEachCardNavigatesToCorrectListPage -->
        <test-method is-config="true" signature="baseTeardown()[pri:0, instance:com.insureedge.tests.aditya.MapStatusCardsTest_US17P3_31@6989da5e]" started-at="2026-02-25T15:51:22 IST" name="baseTeardown" finished-at="2026-02-25T15:51:26 IST" duration-ms="4224" status="PASS">
          <reporter-output>
          </reporter-output>
        </test-method> <!-- baseTeardown -->
      </class> <!-- com.insureedge.tests.aditya.MapStatusCardsTest_US17P3_31 -->
      <class name="com.insureedge.tests.aditya.AccessibilityCreateAccountFormTest_US17P3_20">
        <test-method is-config="true" signature="setup()[pri:0, instance:com.insureedge.tests.aditya.AccessibilityCreateAccountFormTest_US17P3_20@4afcd809]" started-at="2026-02-25T15:50:22 IST" name="setup" finished-at="2026-02-25T15:50:29 IST" duration-ms="7831" status="PASS">
          <reporter-output>
          </reporter-output>
        </test-method> <!-- setup -->
        <test-method signature="focusOrderInsideForm_shouldMatchDom()[pri:0, instance:com.insureedge.tests.aditya.AccessibilityCreateAccountFormTest_US17P3_20@4afcd809]" started-at="2026-02-25T15:50:29 IST" name="focusOrderInsideForm_shouldMatchDom" finished-at="2026-02-25T15:50:32 IST" duration-ms="2229" status="PASS">
          <reporter-output>
          </reporter-output>
        </test-method> <!-- focusOrderInsideForm_shouldMatchDom -->
        <test-method is-config="true" signature="teardown()[pri:0, instance:com.insureedge.tests.aditya.AccessibilityCreateAccountFormTest_US17P3_20@4afcd809]" started-at="2026-02-25T15:50:32 IST" name="teardown" finished-at="2026-02-25T15:50:35 IST" duration-ms="3538" status="PASS">
          <reporter-output>
          </reporter-output>
        </test-method> <!-- teardown -->
      </class> <!-- com.insureedge.tests.aditya.AccessibilityCreateAccountFormTest_US17P3_20 -->
    </test> <!-- aditya's Test Suite -->
    <test started-at="2026-02-25T15:51:26 IST" name="sarbik&#039;s Test Suite" finished-at="2026-02-25T15:52:21 IST" duration-ms="55004">
      <class name="com.insureedge.tests.sarbik.InsureEdgeUS17P3_29Test">
        <test-method is-config="true" signature="baseSetup()[pri:0, instance:com.insureedge.tests.sarbik.InsureEdgeUS17P3_29Test@45b4c3a9]" started-at="2026-02-25T15:51:53 IST" name="baseSetup" finished-at="2026-02-25T15:51:56 IST" duration-ms="2683" status="PASS">
          <reporter-output>
          </reporter-output>
        </test-method> <!-- baseSetup -->
        <test-method is-config="true" signature="setUp()[pri:0, instance:com.insureedge.tests.sarbik.InsureEdgeUS17P3_29Test@45b4c3a9]" started-at="2026-02-25T15:51:56 IST" name="setUp" finished-at="2026-02-25T15:52:03 IST" duration-ms="6974" status="PASS">
          <reporter-output>
          </reporter-output>
        </test-method> <!-- setUp -->
        <test-method signature="validateAllCardUI()[pri:0, instance:com.insureedge.tests.sarbik.InsureEdgeUS17P3_29Test@45b4c3a9]" started-at="2026-02-25T15:52:03 IST" name="validateAllCardUI" finished-at="2026-02-25T15:52:08 IST" duration-ms="4676" status="PASS">
          <reporter-output>
          </reporter-output>
        </test-method> <!-- validateAllCardUI -->
        <test-method is-config="true" signature="baseTeardown()[pri:0, instance:com.insureedge.tests.sarbik.InsureEdgeUS17P3_29Test@45b4c3a9]" started-at="2026-02-25T15:52:08 IST" name="baseTeardown" finished-at="2026-02-25T15:52:11 IST" duration-ms="3760" status="PASS">
          <reporter-output>
          </reporter-output>
        </test-method> <!-- baseTeardown -->
      </class> <!-- com.insureedge.tests.sarbik.InsureEdgeUS17P3_29Test -->
      <class name="com.insureedge.tests.sarbik.InsureEdgeUS17P3_23Test">
        <test-method is-config="true" signature="baseSetup()[pri:0, instance:com.insureedge.tests.sarbik.InsureEdgeUS17P3_23Test@399c4be1]" started-at="2026-02-25T15:52:11 IST" name="baseSetup" finished-at="2026-02-25T15:52:14 IST" duration-ms="2262" status="PASS">
          <reporter-output>
          </reporter-output>
        </test-method> <!-- baseSetup -->
        <test-method is-config="true" signature="setUp()[pri:0, instance:com.insureedge.tests.sarbik.InsureEdgeUS17P3_23Test@399c4be1]" started-at="2026-02-25T15:52:14 IST" name="setUp" finished-at="2026-02-25T15:52:17 IST" duration-ms="3045" status="PASS">
          <reporter-output>
          </reporter-output>
        </test-method> <!-- setUp -->
        <test-method signature="nameFieldValidation()[pri:1, instance:com.insureedge.tests.sarbik.InsureEdgeUS17P3_23Test@399c4be1]" started-at="2026-02-25T15:52:17 IST" name="nameFieldValidation" finished-at="2026-02-25T15:52:17 IST" duration-ms="217" status="PASS">
          <reporter-output>
          </reporter-output>
        </test-method> <!-- nameFieldValidation -->
        <test-method signature="emailFieldValidation()[pri:2, instance:com.insureedge.tests.sarbik.InsureEdgeUS17P3_23Test@399c4be1]" started-at="2026-02-25T15:52:17 IST" name="emailFieldValidation" finished-at="2026-02-25T15:52:17 IST" duration-ms="199" status="PASS">
          <reporter-output>
          </reporter-output>
        </test-method> <!-- emailFieldValidation -->
        <test-method signature="usernameFieldValidation()[pri:3, instance:com.insureedge.tests.sarbik.InsureEdgeUS17P3_23Test@399c4be1]" started-at="2026-02-25T15:52:17 IST" name="usernameFieldValidation" finished-at="2026-02-25T15:52:17 IST" duration-ms="113" status="PASS">
          <reporter-output>
          </reporter-output>
        </test-method> <!-- usernameFieldValidation -->
        <test-method signature="passwordFieldValidation()[pri:4, instance:com.insureedge.tests.sarbik.InsureEdgeUS17P3_23Test@399c4be1]" started-at="2026-02-25T15:52:17 IST" name="passwordFieldValidation" finished-at="2026-02-25T15:52:17 IST" duration-ms="133" status="PASS">
          <reporter-output>
          </reporter-output>
        </test-method> <!-- passwordFieldValidation -->
        <test-method signature="checkboxValidation()[pri:5, instance:com.insureedge.tests.sarbik.InsureEdgeUS17P3_23Test@399c4be1]" started-at="2026-02-25T15:52:17 IST" name="checkboxValidation" finished-at="2026-02-25T15:52:17 IST" duration-ms="100" status="PASS">
          <reporter-output>
          </reporter-output>
        </test-method> <!-- checkboxValidation -->
        <test-method signature="captureColors()[pri:6, instance:com.insureedge.tests.sarbik.InsureEdgeUS17P3_23Test@399c4be1]" started-at="2026-02-25T15:52:17 IST" name="captureColors" finished-at="2026-02-25T15:52:18 IST" duration-ms="63" status="PASS">
          <reporter-output>
          </reporter-output>
        </test-method> <!-- captureColors -->
        <test-method signature="errorPositionCheck()[pri:7, instance:com.insureedge.tests.sarbik.InsureEdgeUS17P3_23Test@399c4be1]" started-at="2026-02-25T15:52:18 IST" name="errorPositionCheck" finished-at="2026-02-25T15:52:18 IST" duration-ms="50" status="PASS">
          <reporter-output>
          </reporter-output>
        </test-method> <!-- errorPositionCheck -->
        <test-method is-config="true" signature="baseTeardown()[pri:0, instance:com.insureedge.tests.sarbik.InsureEdgeUS17P3_23Test@399c4be1]" started-at="2026-02-25T15:52:18 IST" name="baseTeardown" finished-at="2026-02-25T15:52:21 IST" duration-ms="3338" status="PASS">
          <reporter-output>
          </reporter-output>
        </test-method> <!-- baseTeardown -->
      </class> <!-- com.insureedge.tests.sarbik.InsureEdgeUS17P3_23Test -->
      <class name="com.insureedge.tests.sarbik.InsureEdgeUS17P3_18Test">
        <test-method is-config="true" signature="baseSetup()[pri:0, instance:com.insureedge.tests.sarbik.InsureEdgeUS17P3_18Test@6a2f6f80]" started-at="2026-02-25T15:51:46 IST" name="baseSetup" finished-at="2026-02-25T15:51:49 IST" duration-ms="2521" status="PASS">
          <reporter-output>
          </reporter-output>
        </test-method> <!-- baseSetup -->
        <test-method is-config="true" signature="setUp()[pri:0, instance:com.insureedge.tests.sarbik.InsureEdgeUS17P3_18Test@6a2f6f80]" started-at="2026-02-25T15:51:49 IST" name="setUp" finished-at="2026-02-25T15:51:50 IST" duration-ms="1113" status="PASS">
          <reporter-output>
          </reporter-output>
        </test-method> <!-- setUp -->
        <test-method signature="visibilityOfCheckboxAndText()[pri:1, instance:com.insureedge.tests.sarbik.InsureEdgeUS17P3_18Test@6a2f6f80]" started-at="2026-02-25T15:51:50 IST" name="visibilityOfCheckboxAndText" finished-at="2026-02-25T15:51:50 IST" duration-ms="45" status="PASS">
          <reporter-output>
          </reporter-output>
        </test-method> <!-- visibilityOfCheckboxAndText -->
        <test-method signature="termsLinkClickableAndColor()[pri:2, instance:com.insureedge.tests.sarbik.InsureEdgeUS17P3_18Test@6a2f6f80]" started-at="2026-02-25T15:51:50 IST" name="termsLinkClickableAndColor" finished-at="2026-02-25T15:51:50 IST" duration-ms="187" status="PASS">
          <reporter-output>
          </reporter-output>
        </test-method> <!-- termsLinkClickableAndColor -->
        <test-method signature="layoutAndCheckboxSelect()[pri:3, instance:com.insureedge.tests.sarbik.InsureEdgeUS17P3_18Test@6a2f6f80]" started-at="2026-02-25T15:51:50 IST" name="layoutAndCheckboxSelect" finished-at="2026-02-25T15:51:50 IST" duration-ms="264" status="PASS">
          <reporter-output>
          </reporter-output>
        </test-method> <!-- layoutAndCheckboxSelect -->
        <test-method is-config="true" signature="baseTeardown()[pri:0, instance:com.insureedge.tests.sarbik.InsureEdgeUS17P3_18Test@6a2f6f80]" started-at="2026-02-25T15:51:50 IST" name="baseTeardown" finished-at="2026-02-25T15:51:53 IST" duration-ms="3083" status="PASS">
          <reporter-output>
          </reporter-output>
        </test-method> <!-- baseTeardown -->
      </class> <!-- com.insureedge.tests.sarbik.InsureEdgeUS17P3_18Test -->
      <class name="com.insureedge.tests.sarbik.InsureEdgeUS17P3_13Test">
        <test-method is-config="true" signature="baseSetup()[pri:0, instance:com.insureedge.tests.sarbik.InsureEdgeUS17P3_13Test@1190200a]" started-at="2026-02-25T15:51:40 IST" name="baseSetup" finished-at="2026-02-25T15:51:42 IST" duration-ms="2466" status="PASS">
          <reporter-output>
          </reporter-output>
        </test-method> <!-- baseSetup -->
        <test-method is-config="true" signature="setUp()[pri:0, instance:com.insureedge.tests.sarbik.InsureEdgeUS17P3_13Test@1190200a]" started-at="2026-02-25T15:51:42 IST" name="setUp" finished-at="2026-02-25T15:51:43 IST" duration-ms="1152" status="PASS">
          <reporter-output>
          </reporter-output>
        </test-method> <!-- setUp -->
        <test-method signature="task1_verifyLogoAndHeaderVisibility()[pri:1, instance:com.insureedge.tests.sarbik.InsureEdgeUS17P3_13Test@1190200a]" started-at="2026-02-25T15:51:43 IST" name="task1_verifyLogoAndHeaderVisibility" finished-at="2026-02-25T15:51:43 IST" duration-ms="35" status="PASS">
          <reporter-output>
          </reporter-output>
        </test-method> <!-- task1_verifyLogoAndHeaderVisibility -->
        <test-method signature="task2_checkHeaderClickable()[pri:2, instance:com.insureedge.tests.sarbik.InsureEdgeUS17P3_13Test@1190200a]" started-at="2026-02-25T15:51:43 IST" name="task2_checkHeaderClickable" finished-at="2026-02-25T15:51:44 IST" duration-ms="566" status="PASS">
          <reporter-output>
          </reporter-output>
        </test-method> <!-- task2_checkHeaderClickable -->
        <test-method signature="task3_validateLogoLeftOfText()[pri:3, instance:com.insureedge.tests.sarbik.InsureEdgeUS17P3_13Test@1190200a]" started-at="2026-02-25T15:51:44 IST" name="task3_validateLogoLeftOfText" finished-at="2026-02-25T15:51:44 IST" duration-ms="63" status="PASS">
          <reporter-output>
          </reporter-output>
        </test-method> <!-- task3_validateLogoLeftOfText -->
        <test-method signature="task4_verifyHeaderVisibility()[pri:4, instance:com.insureedge.tests.sarbik.InsureEdgeUS17P3_13Test@1190200a]" started-at="2026-02-25T15:51:44 IST" name="task4_verifyHeaderVisibility" finished-at="2026-02-25T15:51:44 IST" duration-ms="22" status="PASS">
          <reporter-output>
          </reporter-output>
        </test-method> <!-- task4_verifyHeaderVisibility -->
        <test-method signature="task6_verifyHeaderColor()[pri:5, instance:com.insureedge.tests.sarbik.InsureEdgeUS17P3_13Test@1190200a]" started-at="2026-02-25T15:51:44 IST" name="task6_verifyHeaderColor" finished-at="2026-02-25T15:51:44 IST" duration-ms="37" status="PASS">
          <reporter-output>
          </reporter-output>
        </test-method> <!-- task6_verifyHeaderColor -->
        <test-method is-config="true" signature="baseTeardown()[pri:0, instance:com.insureedge.tests.sarbik.InsureEdgeUS17P3_13Test@1190200a]" started-at="2026-02-25T15:51:44 IST" name="baseTeardown" finished-at="2026-02-25T15:51:46 IST" duration-ms="2020" status="PASS">
          <reporter-output>
          </reporter-output>
        </test-method> <!-- baseTeardown -->
      </class> <!-- com.insureedge.tests.sarbik.InsureEdgeUS17P3_13Test -->
      <class name="com.insureedge.tests.sarbik.InsureEdgeUS17P3_03Test">
        <test-method is-config="true" signature="baseSetup()[pri:0, instance:com.insureedge.tests.sarbik.InsureEdgeUS17P3_03Test@33c911a1]" started-at="2026-02-25T15:51:26 IST" name="baseSetup" finished-at="2026-02-25T15:51:29 IST" duration-ms="2891" status="PASS">
          <reporter-output>
          </reporter-output>
        </test-method> <!-- baseSetup -->
        <test-method is-config="true" signature="setUp()[pri:0, instance:com.insureedge.tests.sarbik.InsureEdgeUS17P3_03Test@33c911a1]" started-at="2026-02-25T15:51:29 IST" name="setUp" finished-at="2026-02-25T15:51:30 IST" duration-ms="841" status="PASS">
          <reporter-output>
          </reporter-output>
        </test-method> <!-- setUp -->
        <test-method signature="verifyCannotTypeOnPrefix()[pri:0, instance:com.insureedge.tests.sarbik.InsureEdgeUS17P3_03Test@33c911a1]" started-at="2026-02-25T15:51:30 IST" name="verifyCannotTypeOnPrefix" finished-at="2026-02-25T15:51:30 IST" duration-ms="107" status="PASS">
          <reporter-output>
          </reporter-output>
        </test-method> <!-- verifyCannotTypeOnPrefix -->
        <test-method signature="verifyLabelTextAndColor()[pri:0, instance:com.insureedge.tests.sarbik.InsureEdgeUS17P3_03Test@33c911a1]" started-at="2026-02-25T15:51:30 IST" name="verifyLabelTextAndColor" finished-at="2026-02-25T15:51:30 IST" duration-ms="65" status="PASS">
          <reporter-output>
          </reporter-output>
        </test-method> <!-- verifyLabelTextAndColor -->
        <test-method signature="verifyPrefixAndUsernameBackgroundColors()[pri:0, instance:com.insureedge.tests.sarbik.InsureEdgeUS17P3_03Test@33c911a1]" started-at="2026-02-25T15:51:30 IST" name="verifyPrefixAndUsernameBackgroundColors" finished-at="2026-02-25T15:51:30 IST" duration-ms="66" status="PASS">
          <reporter-output>
          </reporter-output>
        </test-method> <!-- verifyPrefixAndUsernameBackgroundColors -->
        <test-method signature="verifyPrefixNonClickable()[pri:0, instance:com.insureedge.tests.sarbik.InsureEdgeUS17P3_03Test@33c911a1]" started-at="2026-02-25T15:51:30 IST" name="verifyPrefixNonClickable" finished-at="2026-02-25T15:51:30 IST" duration-ms="54" status="PASS">
          <reporter-output>
          </reporter-output>
        </test-method> <!-- verifyPrefixNonClickable -->
        <test-method signature="verifyUsernameFieldVisible()[pri:0, instance:com.insureedge.tests.sarbik.InsureEdgeUS17P3_03Test@33c911a1]" started-at="2026-02-25T15:51:30 IST" name="verifyUsernameFieldVisible" finished-at="2026-02-25T15:51:30 IST" duration-ms="17" status="PASS">
          <reporter-output>
          </reporter-output>
        </test-method> <!-- verifyUsernameFieldVisible -->
        <test-method signature="verifyUsernameInput()[pri:0, instance:com.insureedge.tests.sarbik.InsureEdgeUS17P3_03Test@33c911a1]" started-at="2026-02-25T15:51:30 IST" name="verifyUsernameInput" finished-at="2026-02-25T15:51:30 IST" duration-ms="210" status="PASS">
          <reporter-output>
          </reporter-output>
        </test-method> <!-- verifyUsernameInput -->
        <test-method is-config="true" signature="closeBrowser()[pri:0, instance:com.insureedge.tests.sarbik.InsureEdgeUS17P3_03Test@33c911a1]" started-at="2026-02-25T15:51:30 IST" name="closeBrowser" finished-at="2026-02-25T15:51:33 IST" duration-ms="3139" status="PASS">
          <reporter-output>
          </reporter-output>
        </test-method> <!-- closeBrowser -->
        <test-method is-config="true" signature="baseTeardown()[pri:0, instance:com.insureedge.tests.sarbik.InsureEdgeUS17P3_03Test@33c911a1]" started-at="2026-02-25T15:51:33 IST" name="baseTeardown" finished-at="2026-02-25T15:51:33 IST" duration-ms="0" status="PASS">
          <reporter-output>
          </reporter-output>
        </test-method> <!-- baseTeardown -->
      </class> <!-- com.insureedge.tests.sarbik.InsureEdgeUS17P3_03Test -->
      <class name="com.insureedge.tests.sarbik.InsureEdgeUS17P3_08Test">
        <test-method is-config="true" signature="baseSetup()[pri:0, instance:com.insureedge.tests.sarbik.InsureEdgeUS17P3_08Test@707194ba]" started-at="2026-02-25T15:51:33 IST" name="baseSetup" finished-at="2026-02-25T15:51:36 IST" duration-ms="2357" status="PASS">
          <reporter-output>
          </reporter-output>
        </test-method> <!-- baseSetup -->
        <test-method is-config="true" signature="setUp()[pri:0, instance:com.insureedge.tests.sarbik.InsureEdgeUS17P3_08Test@707194ba]" started-at="2026-02-25T15:51:36 IST" name="setUp" finished-at="2026-02-25T15:51:36 IST" duration-ms="676" status="PASS">
          <reporter-output>
          </reporter-output>
        </test-method> <!-- setUp -->
        <test-method signature="verifyFooterNonClickable()[pri:0, instance:com.insureedge.tests.sarbik.InsureEdgeUS17P3_08Test@707194ba]" started-at="2026-02-25T15:51:36 IST" name="verifyFooterNonClickable" finished-at="2026-02-25T15:51:36 IST" duration-ms="53" status="PASS">
          <reporter-output>
          </reporter-output>
        </test-method> <!-- verifyFooterNonClickable -->
        <test-method signature="verifyFooterTextColor()[pri:0, instance:com.insureedge.tests.sarbik.InsureEdgeUS17P3_08Test@707194ba]" started-at="2026-02-25T15:51:36 IST" name="verifyFooterTextColor" finished-at="2026-02-25T15:51:36 IST" duration-ms="68" status="PASS">
          <reporter-output>
          </reporter-output>
        </test-method> <!-- verifyFooterTextColor -->
        <test-method signature="verifyFooterVisible()[pri:0, instance:com.insureedge.tests.sarbik.InsureEdgeUS17P3_08Test@707194ba]" started-at="2026-02-25T15:51:36 IST" name="verifyFooterVisible" finished-at="2026-02-25T15:51:37 IST" duration-ms="35" status="PASS">
          <reporter-output>
          </reporter-output>
        </test-method> <!-- verifyFooterVisible -->
        <test-method is-config="true" signature="baseTeardown()[pri:0, instance:com.insureedge.tests.sarbik.InsureEdgeUS17P3_08Test@707194ba]" started-at="2026-02-25T15:51:37 IST" name="baseTeardown" finished-at="2026-02-25T15:51:40 IST" duration-ms="3135" status="PASS">
          <reporter-output>
          </reporter-output>
        </test-method> <!-- baseTeardown -->
      </class> <!-- com.insureedge.tests.sarbik.InsureEdgeUS17P3_08Test -->
    </test> <!-- sarbik's Test Suite -->
    <test started-at="2026-02-25T15:52:21 IST" name="sounak&#039;s Test Suite" finished-at="2026-02-25T15:53:16 IST" duration-ms="54592">
      <class name="com.insureedge.tests.sounak.US17P3_30">
        <test-method is-config="true" signature="baseSetup()[pri:0, instance:com.insureedge.tests.sounak.US17P3_30@3af9c5b7]" started-at="2026-02-25T15:52:47 IST" name="baseSetup" finished-at="2026-02-25T15:52:49 IST" duration-ms="2362" status="PASS">
          <reporter-output>
          </reporter-output>
        </test-method> <!-- baseSetup -->
        <test-method signature="registeredUserTest()[pri:1, instance:com.insureedge.tests.sounak.US17P3_30@3af9c5b7]" started-at="2026-02-25T15:52:49 IST" name="registeredUserTest" description="Validate Registered Users tile navigation" finished-at="2026-02-25T15:52:56 IST" duration-ms="7309" status="PASS">
          <reporter-output>
          </reporter-output>
        </test-method> <!-- registeredUserTest -->
        <test-method signature="listedPoliciesTest()[pri:2, instance:com.insureedge.tests.sounak.US17P3_30@3af9c5b7]" started-at="2026-02-25T15:52:56 IST" name="listedPoliciesTest" description="Validate Listed Policies tile navigation" finished-at="2026-02-25T15:53:04 IST" duration-ms="7842" status="PASS">
          <reporter-output>
          </reporter-output>
        </test-method> <!-- listedPoliciesTest -->
        <test-method signature="listedCategoriesTest()[pri:3, instance:com.insureedge.tests.sounak.US17P3_30@3af9c5b7]" started-at="2026-02-25T15:53:04 IST" name="listedCategoriesTest" description="Validate Listed Categories tile navigation" finished-at="2026-02-25T15:53:11 IST" duration-ms="6533" status="PASS">
          <reporter-output>
          </reporter-output>
        </test-method> <!-- listedCategoriesTest -->
        <test-method is-config="true" signature="baseTeardown()[pri:0, instance:com.insureedge.tests.sounak.US17P3_30@3af9c5b7]" started-at="2026-02-25T15:53:11 IST" name="baseTeardown" finished-at="2026-02-25T15:53:16 IST" duration-ms="4722" status="PASS">
          <reporter-output>
          </reporter-output>
        </test-method> <!-- baseTeardown -->
      </class> <!-- com.insureedge.tests.sounak.US17P3_30 -->
      <class name="com.insureedge.tests.sounak.US17P3_17">
        <test-method is-config="true" signature="baseSetup()[pri:0, instance:com.insureedge.tests.sounak.US17P3_17@10aa41f2]" started-at="2026-02-25T15:52:40 IST" name="baseSetup" finished-at="2026-02-25T15:52:43 IST" duration-ms="2589" status="PASS">
          <reporter-output>
          </reporter-output>
        </test-method> <!-- baseSetup -->
        <test-method signature="capturePasswordFieldScreenshot()[pri:0, instance:com.insureedge.tests.sounak.US17P3_17@10aa41f2]" started-at="2026-02-25T15:52:43 IST" name="capturePasswordFieldScreenshot" description="Capture screenshot of the password field on Register page" finished-at="2026-02-25T15:52:44 IST" duration-ms="900" status="PASS">
          <reporter-output>
          </reporter-output>
        </test-method> <!-- capturePasswordFieldScreenshot -->
        <test-method is-config="true" signature="baseTeardown()[pri:0, instance:com.insureedge.tests.sounak.US17P3_17@10aa41f2]" started-at="2026-02-25T15:52:44 IST" name="baseTeardown" finished-at="2026-02-25T15:52:47 IST" duration-ms="2772" status="PASS">
          <reporter-output>
          </reporter-output>
        </test-method> <!-- baseTeardown -->
      </class> <!-- com.insureedge.tests.sounak.US17P3_17 -->
      <class name="com.insureedge.tests.sounak.US17P3_07">
        <test-method is-config="true" signature="baseSetup()[pri:0, instance:com.insureedge.tests.sounak.US17P3_07@5c671d7f]" started-at="2026-02-25T15:52:27 IST" name="baseSetup" finished-at="2026-02-25T15:52:29 IST" duration-ms="2193" status="PASS">
          <reporter-output>
          </reporter-output>
        </test-method> <!-- baseSetup -->
        <test-method signature="checkText()[pri:1, instance:com.insureedge.tests.sounak.US17P3_07@5c671d7f]" started-at="2026-02-25T15:52:29 IST" name="checkText" description="Validate CTA text under login form" finished-at="2026-02-25T15:52:30 IST" duration-ms="813" status="PASS">
          <reporter-output>
          </reporter-output>
        </test-method> <!-- checkText -->
        <test-method signature="checkURL()[pri:2, instance:com.insureedge.tests.sounak.US17P3_07@5c671d7f]" started-at="2026-02-25T15:52:30 IST" name="checkURL" description="Validate CTA link navigation to Create Account page" finished-at="2026-02-25T15:52:31 IST" duration-ms="419" status="PASS">
          <reporter-output>
          </reporter-output>
        </test-method> <!-- checkURL -->
        <test-method is-config="true" signature="baseTeardown()[pri:0, instance:com.insureedge.tests.sounak.US17P3_07@5c671d7f]" started-at="2026-02-25T15:52:31 IST" name="baseTeardown" finished-at="2026-02-25T15:52:33 IST" duration-ms="2623" status="PASS">
          <reporter-output>
          </reporter-output>
        </test-method> <!-- baseTeardown -->
      </class> <!-- com.insureedge.tests.sounak.US17P3_07 -->
      <class name="com.insureedge.tests.sounak.US17P3_13">
        <test-method is-config="true" signature="baseSetup()[pri:0, instance:com.insureedge.tests.sounak.US17P3_13@c86b9e3]" started-at="2026-02-25T15:52:33 IST" name="baseSetup" finished-at="2026-02-25T15:52:35 IST" duration-ms="2019" status="PASS">
          <reporter-output>
          </reporter-output>
        </test-method> <!-- baseSetup -->
        <test-method signature="rememberMe()[pri:0, instance:com.insureedge.tests.sounak.US17P3_13@c86b9e3]" started-at="2026-02-25T15:52:35 IST" name="rememberMe" description="Remember Me: login, logout, and verify Access Denied when revisiting AdminDashboard" finished-at="2026-02-25T15:52:38 IST" duration-ms="2358" status="PASS">
          <reporter-output>
          </reporter-output>
        </test-method> <!-- rememberMe -->
        <test-method is-config="true" signature="baseTeardown()[pri:0, instance:com.insureedge.tests.sounak.US17P3_13@c86b9e3]" started-at="2026-02-25T15:52:38 IST" name="baseTeardown" finished-at="2026-02-25T15:52:40 IST" duration-ms="2752" status="PASS">
          <reporter-output>
          </reporter-output>
        </test-method> <!-- baseTeardown -->
      </class> <!-- com.insureedge.tests.sounak.US17P3_13 -->
      <class name="com.insureedge.tests.sounak.US17P3_02">
        <test-method is-config="true" signature="baseSetup()[pri:0, instance:com.insureedge.tests.sounak.US17P3_02@49e5f737]" started-at="2026-02-25T15:52:21 IST" name="baseSetup" finished-at="2026-02-25T15:52:23 IST" duration-ms="2486" status="PASS">
          <reporter-output>
          </reporter-output>
        </test-method> <!-- baseSetup -->
        <test-method signature="header_ShouldMatchExpectedText()[pri:0, instance:com.insureedge.tests.sounak.US17P3_02@49e5f737]" started-at="2026-02-25T15:52:23 IST" name="header_ShouldMatchExpectedText" description="Verify Login page header text equals &#039;Login to Your Account&#039;" finished-at="2026-02-25T15:52:24 IST" duration-ms="842" status="PASS">
          <reporter-output>
          </reporter-output>
        </test-method> <!-- header_ShouldMatchExpectedText -->
        <test-method is-config="true" signature="baseTeardown()[pri:0, instance:com.insureedge.tests.sounak.US17P3_02@49e5f737]" started-at="2026-02-25T15:52:24 IST" name="baseTeardown" finished-at="2026-02-25T15:52:27 IST" duration-ms="3026" status="PASS">
          <reporter-output>
          </reporter-output>
        </test-method> <!-- baseTeardown -->
      </class> <!-- com.insureedge.tests.sounak.US17P3_02 -->
    </test> <!-- sounak's Test Suite -->
    <test started-at="2026-02-25T15:53:16 IST" name="shubham&#039;s Test Suite" finished-at="2026-02-25T15:53:40 IST" duration-ms="24708">
      <class name="com.insureedge.tests.shubham.DashboardUiTests">
        <test-method is-config="true" signature="baseSetup()[pri:0, instance:com.insureedge.tests.shubham.DashboardUiTests@5c90e579]" started-at="2026-02-25T15:53:16 IST" name="baseSetup" finished-at="2026-02-25T15:53:18 IST" duration-ms="2545" status="PASS">
          <reporter-output>
          </reporter-output>
        </test-method> <!-- baseSetup -->
        <test-method signature="invalidCredentials_ShouldShowErrorMessage()[pri:0, instance:com.insureedge.tests.shubham.DashboardUiTests@5c90e579]" started-at="2026-02-25T15:53:18 IST" name="invalidCredentials_ShouldShowErrorMessage" description="US17P3_10: Invalid Credentials Message" finished-at="2026-02-25T15:53:21 IST" duration-ms="2955" status="PASS">
          <reporter-output>
          </reporter-output>
        </test-method> <!-- invalidCredentials_ShouldShowErrorMessage -->
        <test-method signature="rememberMe_UiValidation()[pri:0, instance:com.insureedge.tests.shubham.DashboardUiTests@5c90e579]" started-at="2026-02-25T15:53:21 IST" name="rememberMe_UiValidation" description="US17P3_05: Remember Me Checkbox – UI Validation" finished-at="2026-02-25T15:53:22 IST" duration-ms="616" status="PASS">
          <reporter-output>
          </reporter-output>
        </test-method> <!-- rememberMe_UiValidation -->
        <test-method is-config="true" signature="baseTeardown()[pri:0, instance:com.insureedge.tests.shubham.DashboardUiTests@5c90e579]" started-at="2026-02-25T15:53:22 IST" name="baseTeardown" finished-at="2026-02-25T15:53:25 IST" duration-ms="2935" status="PASS">
          <reporter-output>
          </reporter-output>
        </test-method> <!-- baseTeardown -->
      </class> <!-- com.insureedge.tests.shubham.DashboardUiTests -->
      <class name="com.insureedge.tests.shubham.RegistrationUiTests">
        <test-method is-config="true" signature="baseSetup()[pri:0, instance:com.insureedge.tests.shubham.RegistrationUiTests@38e79ae3]" started-at="2026-02-25T15:53:33 IST" name="baseSetup" finished-at="2026-02-25T15:53:35 IST" duration-ms="2504" status="PASS">
          <reporter-output>
          </reporter-output>
        </test-method> <!-- baseSetup -->
        <test-method signature="register_PrimaryFields_UiValidation()[pri:0, instance:com.insureedge.tests.shubham.RegistrationUiTests@38e79ae3]" started-at="2026-02-25T15:53:35 IST" name="register_PrimaryFields_UiValidation" description="US17P3_15: Primary Fields – Name &amp; Email – UI Validation" finished-at="2026-02-25T15:53:37 IST" duration-ms="1869" status="PASS">
          <reporter-output>
          </reporter-output>
        </test-method> <!-- register_PrimaryFields_UiValidation -->
        <test-method is-config="true" signature="baseTeardown()[pri:0, instance:com.insureedge.tests.shubham.RegistrationUiTests@38e79ae3]" started-at="2026-02-25T15:53:37 IST" name="baseTeardown" finished-at="2026-02-25T15:53:40 IST" duration-ms="3081" status="PASS">
          <reporter-output>
          </reporter-output>
        </test-method> <!-- baseTeardown -->
      </class> <!-- com.insureedge.tests.shubham.RegistrationUiTests -->
      <class name="com.insureedge.tests.shubham.LoginUiTests">
        <test-method is-config="true" signature="baseSetup()[pri:0, instance:com.insureedge.tests.shubham.LoginUiTests@58ea606c]" started-at="2026-02-25T15:53:25 IST" name="baseSetup" finished-at="2026-02-25T15:53:27 IST" duration-ms="2450" status="PASS">
          <reporter-output>
          </reporter-output>
        </test-method> <!-- baseSetup -->
        <test-method signature="invalidCredentials_ShouldShowErrorMessage()[pri:0, instance:com.insureedge.tests.shubham.LoginUiTests@58ea606c]" started-at="2026-02-25T15:53:27 IST" name="invalidCredentials_ShouldShowErrorMessage" description="US17P3_10: Invalid Credentials Message" finished-at="2026-02-25T15:53:29 IST" duration-ms="1763" status="PASS">
          <reporter-output>
          </reporter-output>
        </test-method> <!-- invalidCredentials_ShouldShowErrorMessage -->
        <test-method signature="rememberMe_UiValidation()[pri:0, instance:com.insureedge.tests.shubham.LoginUiTests@58ea606c]" started-at="2026-02-25T15:53:29 IST" name="rememberMe_UiValidation" description="US17P3_05: Remember Me Checkbox – UI Validation" finished-at="2026-02-25T15:53:30 IST" duration-ms="706" status="PASS">
          <reporter-output>
          </reporter-output>
        </test-method> <!-- rememberMe_UiValidation -->
        <test-method is-config="true" signature="baseTeardown()[pri:0, instance:com.insureedge.tests.shubham.LoginUiTests@58ea606c]" started-at="2026-02-25T15:53:30 IST" name="baseTeardown" finished-at="2026-02-25T15:53:33 IST" duration-ms="3267" status="PASS">
          <reporter-output>
          </reporter-output>
        </test-method> <!-- baseTeardown -->
      </class> <!-- com.insureedge.tests.shubham.LoginUiTests -->
    </test> <!-- shubham's Test Suite -->
    <test started-at="2026-02-25T15:53:40 IST" name="harish&#039;s Test Suite" finished-at="2026-02-25T15:54:44 IST" duration-ms="63558">
      <class name="com.insureedge.tests.harish.US17P3_12MandatoryFieldsUsernamePassword">
        <test-method is-config="true" signature="baseSetup()[pri:0, instance:com.insureedge.tests.harish.US17P3_12MandatoryFieldsUsernamePassword@2638011]" started-at="2026-02-25T15:53:46 IST" name="baseSetup" finished-at="2026-02-25T15:53:48 IST" duration-ms="2120" status="PASS">
          <reporter-output>
          </reporter-output>
        </test-method> <!-- baseSetup -->
        <test-method is-config="true" signature="setup()[pri:0, instance:com.insureedge.tests.harish.US17P3_12MandatoryFieldsUsernamePassword@2638011]" started-at="2026-02-25T15:53:48 IST" name="setup" finished-at="2026-02-25T15:53:50 IST" duration-ms="1293" status="PASS">
          <reporter-output>
          </reporter-output>
        </test-method> <!-- setup -->
        <test-method signature="runOriginalScenariosWithBaseDriver()[pri:0, instance:com.insureedge.tests.harish.US17P3_12MandatoryFieldsUsernamePassword@2638011]" started-at="2026-02-25T15:53:50 IST" name="runOriginalScenariosWithBaseDriver" finished-at="2026-02-25T15:53:51 IST" duration-ms="1498" status="PASS">
          <reporter-output>
          </reporter-output>
        </test-method> <!-- runOriginalScenariosWithBaseDriver -->
        <test-method is-config="true" signature="baseTeardown()[pri:0, instance:com.insureedge.tests.harish.US17P3_12MandatoryFieldsUsernamePassword@2638011]" started-at="2026-02-25T15:53:51 IST" name="baseTeardown" finished-at="2026-02-25T15:53:55 IST" duration-ms="3503" status="PASS">
          <reporter-output>
          </reporter-output>
        </test-method> <!-- baseTeardown -->
      </class> <!-- com.insureedge.tests.harish.US17P3_12MandatoryFieldsUsernamePassword -->
      <class name="com.insureedge.tests.harish.US17P3_21MandatoryFields_T_C_FunctionalValidation_Sprint2">
        <test-method is-config="true" signature="baseSetup()[pri:0, instance:com.insureedge.tests.harish.US17P3_21MandatoryFields_T_C_FunctionalValidation_Sprint2@6a2b953e]" started-at="2026-02-25T15:54:02 IST" name="baseSetup" finished-at="2026-02-25T15:54:04 IST" duration-ms="2326" status="PASS">
          <reporter-output>
          </reporter-output>
        </test-method> <!-- baseSetup -->
        <test-method is-config="true" signature="setup()[pri:0, instance:com.insureedge.tests.harish.US17P3_21MandatoryFields_T_C_FunctionalValidation_Sprint2@6a2b953e]" started-at="2026-02-25T15:54:04 IST" name="setup" finished-at="2026-02-25T15:54:05 IST" duration-ms="1031" status="PASS">
          <reporter-output>
          </reporter-output>
        </test-method> <!-- setup -->
        <test-method signature="test_NameIsEmpty()[pri:1, instance:com.insureedge.tests.harish.US17P3_21MandatoryFields_T_C_FunctionalValidation_Sprint2@6a2b953e]" started-at="2026-02-25T15:54:05 IST" name="test_NameIsEmpty" finished-at="2026-02-25T15:54:06 IST" duration-ms="1297" status="PASS">
          <reporter-output>
          </reporter-output>
        </test-method> <!-- test_NameIsEmpty -->
        <test-method signature="test_EmailIsEmpty()[pri:2, instance:com.insureedge.tests.harish.US17P3_21MandatoryFields_T_C_FunctionalValidation_Sprint2@6a2b953e]" started-at="2026-02-25T15:54:06 IST" name="test_EmailIsEmpty" finished-at="2026-02-25T15:54:08 IST" duration-ms="1589" status="PASS">
          <reporter-output>
          </reporter-output>
        </test-method> <!-- test_EmailIsEmpty -->
        <test-method is-config="true" signature="baseTeardown()[pri:0, instance:com.insureedge.tests.harish.US17P3_21MandatoryFields_T_C_FunctionalValidation_Sprint2@6a2b953e]" started-at="2026-02-25T15:54:08 IST" name="baseTeardown" finished-at="2026-02-25T15:54:11 IST" duration-ms="3070" status="PASS">
          <reporter-output>
          </reporter-output>
        </test-method> <!-- baseTeardown -->
      </class> <!-- com.insureedge.tests.harish.US17P3_21MandatoryFields_T_C_FunctionalValidation_Sprint2 -->
      <class name="com.insureedge.tests.harish.US17P3_25_BreadcrumbValidation">
        <test-method is-config="true" signature="baseSetup()[pri:0, instance:com.insureedge.tests.harish.US17P3_25_BreadcrumbValidation@313b2ea6]" started-at="2026-02-25T15:54:11 IST" name="baseSetup" finished-at="2026-02-25T15:54:13 IST" duration-ms="2386" status="PASS">
          <reporter-output>
          </reporter-output>
        </test-method> <!-- baseSetup -->
        <test-method is-config="true" signature="setupAndLogin()[pri:0, instance:com.insureedge.tests.harish.US17P3_25_BreadcrumbValidation@313b2ea6]" started-at="2026-02-25T15:54:13 IST" name="setupAndLogin" finished-at="2026-02-25T15:54:20 IST" duration-ms="6874" status="PASS">
          <reporter-output>
          </reporter-output>
        </test-method> <!-- setupAndLogin -->
        <test-method signature="validateBreadcrumbHomeDashboard()[pri:0, instance:com.insureedge.tests.harish.US17P3_25_BreadcrumbValidation@313b2ea6]" started-at="2026-02-25T15:54:20 IST" name="validateBreadcrumbHomeDashboard" finished-at="2026-02-25T15:54:21 IST" duration-ms="466" status="PASS">
          <reporter-output>
          </reporter-output>
        </test-method> <!-- validateBreadcrumbHomeDashboard -->
        <test-method is-config="true" signature="baseTeardown()[pri:0, instance:com.insureedge.tests.harish.US17P3_25_BreadcrumbValidation@313b2ea6]" started-at="2026-02-25T15:54:21 IST" name="baseTeardown" finished-at="2026-02-25T15:54:24 IST" duration-ms="3735" status="PASS">
          <reporter-output>
          </reporter-output>
        </test-method> <!-- baseTeardown -->
      </class> <!-- com.insureedge.tests.harish.US17P3_25_BreadcrumbValidation -->
      <class name="com.insureedge.tests.harish.US17P3_01_InsurEdgeLogoTitleDisplay_UI_Validation">
        <test-method is-config="true" signature="baseSetup()[pri:0, instance:com.insureedge.tests.harish.US17P3_01_InsurEdgeLogoTitleDisplay_UI_Validation@68267da0]" started-at="2026-02-25T15:53:40 IST" name="baseSetup" finished-at="2026-02-25T15:53:43 IST" duration-ms="2312" status="PASS">
          <reporter-output>
          </reporter-output>
        </test-method> <!-- baseSetup -->
        <test-method is-config="true" signature="setup()[pri:0, instance:com.insureedge.tests.harish.US17P3_01_InsurEdgeLogoTitleDisplay_UI_Validation@68267da0]" started-at="2026-02-25T15:53:43 IST" name="setup" finished-at="2026-02-25T15:53:43 IST" duration-ms="669" status="PASS">
          <reporter-output>
          </reporter-output>
        </test-method> <!-- setup -->
        <test-method signature="testLogoVisibility()[pri:0, instance:com.insureedge.tests.harish.US17P3_01_InsurEdgeLogoTitleDisplay_UI_Validation@68267da0]" started-at="2026-02-25T15:53:43 IST" name="testLogoVisibility" finished-at="2026-02-25T15:53:43 IST" duration-ms="35" status="PASS">
          <reporter-output>
          </reporter-output>
        </test-method> <!-- testLogoVisibility -->
        <test-method signature="title()[pri:0, instance:com.insureedge.tests.harish.US17P3_01_InsurEdgeLogoTitleDisplay_UI_Validation@68267da0]" started-at="2026-02-25T15:53:43 IST" name="title" finished-at="2026-02-25T15:53:43 IST" duration-ms="47" status="PASS">
          <reporter-output>
          </reporter-output>
        </test-method> <!-- title -->
        <test-method is-config="true" signature="baseTeardown()[pri:0, instance:com.insureedge.tests.harish.US17P3_01_InsurEdgeLogoTitleDisplay_UI_Validation@68267da0]" started-at="2026-02-25T15:53:43 IST" name="baseTeardown" finished-at="2026-02-25T15:53:46 IST" duration-ms="3021" status="PASS">
          <reporter-output>
          </reporter-output>
        </test-method> <!-- baseTeardown -->
      </class> <!-- com.insureedge.tests.harish.US17P3_01_InsurEdgeLogoTitleDisplay_UI_Validation -->
      <class name="com.insureedge.tests.harish.US17P3_27PageSections_HeaderCardsFooter_UI_Validation">
        <test-method is-config="true" signature="baseSetup()[pri:0, instance:com.insureedge.tests.harish.US17P3_27PageSections_HeaderCardsFooter_UI_Validation@2f465398]" started-at="2026-02-25T15:54:25 IST" name="baseSetup" finished-at="2026-02-25T15:54:27 IST" duration-ms="2463" status="PASS">
          <reporter-output>
          </reporter-output>
        </test-method> <!-- baseSetup -->
        <test-method is-config="true" signature="setupAndLogin()[pri:0, instance:com.insureedge.tests.harish.US17P3_27PageSections_HeaderCardsFooter_UI_Validation@2f465398]" started-at="2026-02-25T15:54:27 IST" name="setupAndLogin" finished-at="2026-02-25T15:54:34 IST" duration-ms="6790" status="PASS">
          <reporter-output>
          </reporter-output>
        </test-method> <!-- setupAndLogin -->
        <test-method signature="validatePageSections()[pri:0, instance:com.insureedge.tests.harish.US17P3_27PageSections_HeaderCardsFooter_UI_Validation@2f465398]" started-at="2026-02-25T15:54:34 IST" name="validatePageSections" finished-at="2026-02-25T15:54:34 IST" duration-ms="278" status="PASS">
          <reporter-output>
          </reporter-output>
        </test-method> <!-- validatePageSections -->
        <test-method is-config="true" signature="baseTeardown()[pri:0, instance:com.insureedge.tests.harish.US17P3_27PageSections_HeaderCardsFooter_UI_Validation@2f465398]" started-at="2026-02-25T15:54:34 IST" name="baseTeardown" finished-at="2026-02-25T15:54:38 IST" duration-ms="3699" status="PASS">
          <reporter-output>
          </reporter-output>
        </test-method> <!-- baseTeardown -->
      </class> <!-- com.insureedge.tests.harish.US17P3_27PageSections_HeaderCardsFooter_UI_Validation -->
      <class name="com.insureedge.tests.harish.US17P306LoginButtonUIValidation">
        <test-method is-config="true" signature="baseSetup()[pri:0, instance:com.insureedge.tests.harish.US17P306LoginButtonUIValidation@548e6d58]" started-at="2026-02-25T15:54:38 IST" name="baseSetup" finished-at="2026-02-25T15:54:40 IST" duration-ms="2452" status="PASS">
          <reporter-output>
          </reporter-output>
        </test-method> <!-- baseSetup -->
        <test-method is-config="true" signature="setup()[pri:0, instance:com.insureedge.tests.harish.US17P306LoginButtonUIValidation@548e6d58]" started-at="2026-02-25T15:54:40 IST" name="setup" finished-at="2026-02-25T15:54:41 IST" duration-ms="561" status="PASS">
          <reporter-output>
          </reporter-output>
        </test-method> <!-- setup -->
        <test-method signature="testLoginButtonEnabled()[pri:0, instance:com.insureedge.tests.harish.US17P306LoginButtonUIValidation@548e6d58]" started-at="2026-02-25T15:54:41 IST" name="testLoginButtonEnabled" finished-at="2026-02-25T15:54:41 IST" duration-ms="23" status="PASS">
          <reporter-output>
          </reporter-output>
        </test-method> <!-- testLoginButtonEnabled -->
        <test-method signature="testLoginButtonText()[pri:0, instance:com.insureedge.tests.harish.US17P306LoginButtonUIValidation@548e6d58]" started-at="2026-02-25T15:54:41 IST" name="testLoginButtonText" finished-at="2026-02-25T15:54:41 IST" duration-ms="17" status="PASS">
          <reporter-output>
          </reporter-output>
        </test-method> <!-- testLoginButtonText -->
        <test-method is-config="true" signature="baseTeardown()[pri:0, instance:com.insureedge.tests.harish.US17P306LoginButtonUIValidation@548e6d58]" started-at="2026-02-25T15:54:41 IST" name="baseTeardown" finished-at="2026-02-25T15:54:44 IST" duration-ms="3005" status="PASS">
          <reporter-output>
          </reporter-output>
        </test-method> <!-- baseTeardown -->
      </class> <!-- com.insureedge.tests.harish.US17P306LoginButtonUIValidation -->
      <class name="com.insureedge.tests.harish.US17P3_17PrimaryFieldsNameEmailUIValidation">
        <test-method is-config="true" signature="baseSetup()[pri:0, instance:com.insureedge.tests.harish.US17P3_17PrimaryFieldsNameEmailUIValidation@6ff29830]" started-at="2026-02-25T15:53:55 IST" name="baseSetup" finished-at="2026-02-25T15:53:57 IST" duration-ms="2417" status="PASS">
          <reporter-output>
          </reporter-output>
        </test-method> <!-- baseSetup -->
        <test-method is-config="true" signature="setup()[pri:0, instance:com.insureedge.tests.harish.US17P3_17PrimaryFieldsNameEmailUIValidation@6ff29830]" started-at="2026-02-25T15:53:57 IST" name="setup" finished-at="2026-02-25T15:53:58 IST" duration-ms="622" status="PASS">
          <reporter-output>
          </reporter-output>
        </test-method> <!-- setup -->
        <test-method signature="testEnterNameAndEmailOnCreateAccount()[pri:0, instance:com.insureedge.tests.harish.US17P3_17PrimaryFieldsNameEmailUIValidation@6ff29830]" started-at="2026-02-25T15:53:58 IST" name="testEnterNameAndEmailOnCreateAccount" finished-at="2026-02-25T15:53:59 IST" duration-ms="859" status="PASS">
          <reporter-output>
          </reporter-output>
        </test-method> <!-- testEnterNameAndEmailOnCreateAccount -->
        <test-method is-config="true" signature="baseTeardown()[pri:0, instance:com.insureedge.tests.harish.US17P3_17PrimaryFieldsNameEmailUIValidation@6ff29830]" started-at="2026-02-25T15:53:59 IST" name="baseTeardown" finished-at="2026-02-25T15:54:02 IST" duration-ms="3049" status="PASS">
          <reporter-output>
          </reporter-output>
        </test-method> <!-- baseTeardown -->
      </class> <!-- com.insureedge.tests.harish.US17P3_17PrimaryFieldsNameEmailUIValidation -->
    </test> <!-- harish's Test Suite -->
  </suite> <!-- All Tests -->
</testng-results>
