<?xml version="1.0" encoding="UTF-8"?>
<!-- Generated by org.testng.reporters.JUnitReportReporter -->
<testsuite hostname="LTIN674123" failures="0" tests="2" name="com.insureedge.tests.shubham.LoginUiTests" time="2.469" errors="0" timestamp="2026-02-25T15:54:44 IST" skipped="0">
  <testcase classname="com.insureedge.tests.shubham.LoginUiTests" name="rememberMe_UiValidation" time="0.706"/>
  <testcase classname="com.insureedge.tests.shubham.LoginUiTests" name="invalidCredentials_ShouldShowErrorMessage" time="1.763"/>
</testsuite> <!-- com.insureedge.tests.shubham.LoginUiTests -->
