<?xml version="1.0" encoding="UTF-8"?>
<!-- Generated by org.testng.reporters.JUnitReportReporter -->
<testsuite hostname="LTIN674123" failures="0" tests="2" name="com.insureedge.tests.aditya.AdminDashboardCardsTest" time="3.867" errors="0" timestamp="2026-02-25T15:54:44 IST" skipped="0">
  <testcase classname="com.insureedge.tests.aditya.AdminDashboardCardsTest" name="countsAreNumericAndNonNegative" time="0.271"/>
  <testcase classname="com.insureedge.tests.aditya.AdminDashboardCardsTest" name="clickableCardsNavigate_questionsDoesNot" time="3.596"/>
</testsuite> <!-- com.insureedge.tests.aditya.AdminDashboardCardsTest -->
