<?xml version="1.0" encoding="UTF-8"?>
<!-- Generated by org.testng.reporters.JUnitReportReporter -->
<testsuite hostname="LTIN674123" failures="0" tests="3" name="com.insureedge.tests.aditya.MapStatusCardsTest_US17P3_31" time="4.461" errors="0" timestamp="2026-02-25T15:54:44 IST" skipped="0">
  <testcase classname="com.insureedge.tests.aditya.MapStatusCardsTest_US17P3_31" name="countsShouldBeNumeric" time="0.269"/>
  <testcase classname="com.insureedge.tests.aditya.MapStatusCardsTest_US17P3_31" name="eachCardHasNavigableHref" time="0.461"/>
  <testcase classname="com.insureedge.tests.aditya.MapStatusCardsTest_US17P3_31" name="clickingEachCardNavigatesToCorrectListPage" time="3.731"/>
</testsuite> <!-- com.insureedge.tests.aditya.MapStatusCardsTest_US17P3_31 -->
