<?xml version="1.0" encoding="UTF-8"?>
<!-- Generated by org.testng.reporters.JUnitReportReporter -->
<testsuite hostname="LTIN674123" failures="0" tests="7" name="com.insureedge.tests.sarbik.InsureEdgeUS17P3_23Test" time="0.875" errors="0" timestamp="2026-02-25T15:54:44 IST" skipped="0">
  <testcase classname="com.insureedge.tests.sarbik.InsureEdgeUS17P3_23Test" name="nameFieldValidation" time="0.217"/>
  <testcase classname="com.insureedge.tests.sarbik.InsureEdgeUS17P3_23Test" name="emailFieldValidation" time="0.199"/>
  <testcase classname="com.insureedge.tests.sarbik.InsureEdgeUS17P3_23Test" name="usernameFieldValidation" time="0.113"/>
  <testcase classname="com.insureedge.tests.sarbik.InsureEdgeUS17P3_23Test" name="passwordFieldValidation" time="0.133"/>
  <testcase classname="com.insureedge.tests.sarbik.InsureEdgeUS17P3_23Test" name="checkboxValidation" time="0.100"/>
  <testcase classname="com.insureedge.tests.sarbik.InsureEdgeUS17P3_23Test" name="captureColors" time="0.063"/>
  <testcase classname="com.insureedge.tests.sarbik.InsureEdgeUS17P3_23Test" name="errorPositionCheck" time="0.050"/>
</testsuite> <!-- com.insureedge.tests.sarbik.InsureEdgeUS17P3_23Test -->
