<?xml version="1.0" encoding="UTF-8"?>
<!-- Generated by org.testng.reporters.JUnitReportReporter -->
<testsuite hostname="LTIN674123" failures="0" tests="2" name="com.insureedge.tests.aditya.AdminDashboardAccessibilityTest" time="0.620" errors="0" timestamp="2026-02-25T15:54:44 IST" skipped="0">
  <testcase classname="com.insureedge.tests.aditya.AdminDashboardAccessibilityTest" name="cardsHaveDiscernibleNames" time="0.312"/>
  <testcase classname="com.insureedge.tests.aditya.AdminDashboardAccessibilityTest" name="simpleFocusOrderOnCards" time="0.308"/>
</testsuite> <!-- com.insureedge.tests.aditya.AdminDashboardAccessibilityTest -->
