<?xml version="1.0" encoding="UTF-8"?>
<!-- Generated by org.testng.reporters.JUnitReportReporter -->
<testsuite hostname="LTIN674123" failures="0" tests="2" name="com.insureedge.tests.sounak.US17P3_07" time="1.232" errors="0" timestamp="2026-02-25T15:54:44 IST" skipped="0">
  <testcase classname="com.insureedge.tests.sounak.US17P3_07" name="checkText" time="0.813"/>
  <testcase classname="com.insureedge.tests.sounak.US17P3_07" name="checkURL" time="0.419"/>
</testsuite> <!-- com.insureedge.tests.sounak.US17P3_07 -->
