<?xml version="1.0" encoding="UTF-8"?>
<!-- Generated by org.testng.reporters.JUnitReportReporter -->
<testsuite hostname="LTIN674123" failures="0" tests="5" name="com.insureedge.tests.sarbik.InsureEdgeUS17P3_13Test" time="0.723" errors="0" timestamp="2026-02-25T15:54:44 IST" skipped="0">
  <testcase classname="com.insureedge.tests.sarbik.InsureEdgeUS17P3_13Test" name="task1_verifyLogoAndHeaderVisibility" time="0.035"/>
  <testcase classname="com.insureedge.tests.sarbik.InsureEdgeUS17P3_13Test" name="task2_checkHeaderClickable" time="0.566"/>
  <testcase classname="com.insureedge.tests.sarbik.InsureEdgeUS17P3_13Test" name="task3_validateLogoLeftOfText" time="0.063"/>
  <testcase classname="com.insureedge.tests.sarbik.InsureEdgeUS17P3_13Test" name="task4_verifyHeaderVisibility" time="0.022"/>
  <testcase classname="com.insureedge.tests.sarbik.InsureEdgeUS17P3_13Test" name="task6_verifyHeaderColor" time="0.037"/>
</testsuite> <!-- com.insureedge.tests.sarbik.InsureEdgeUS17P3_13Test -->
