<?xml version="1.0" encoding="UTF-8"?>
<!-- Generated by org.testng.reporters.JUnitReportReporter -->
<testsuite hostname="LTIN674123" failures="0" tests="3" name="com.insureedge.tests.sounak.US17P3_30" time="21.684" errors="0" timestamp="2026-02-25T15:54:44 IST" skipped="0">
  <testcase classname="com.insureedge.tests.sounak.US17P3_30" name="registeredUserTest" time="7.309"/>
  <testcase classname="com.insureedge.tests.sounak.US17P3_30" name="listedPoliciesTest" time="7.842"/>
  <testcase classname="com.insureedge.tests.sounak.US17P3_30" name="listedCategoriesTest" time="6.533"/>
</testsuite> <!-- com.insureedge.tests.sounak.US17P3_30 -->
