<?xml version="1.0" encoding="UTF-8"?>
<!-- Generated by org.testng.reporters.JUnitReportReporter -->
<testsuite hostname="LTIN674123" failures="0" tests="3" name="com.insureedge.tests.sarbik.InsureEdgeUS17P3_08Test" time="0.156" errors="0" timestamp="2026-02-25T15:54:44 IST" skipped="0">
  <testcase classname="com.insureedge.tests.sarbik.InsureEdgeUS17P3_08Test" name="verifyFooterTextColor" time="0.068"/>
  <testcase classname="com.insureedge.tests.sarbik.InsureEdgeUS17P3_08Test" name="verifyFooterVisible" time="0.035"/>
  <testcase classname="com.insureedge.tests.sarbik.InsureEdgeUS17P3_08Test" name="verifyFooterNonClickable" time="0.053"/>
</testsuite> <!-- com.insureedge.tests.sarbik.InsureEdgeUS17P3_08Test -->
