<?xml version="1.0" encoding="UTF-8"?>
<!-- Generated by org.testng.reporters.JUnitReportReporter -->
<testsuite hostname="LTIN674123" failures="0" tests="1" name="com.insureedge.tests.aditya.AccessibilityCreateAccountFormTest_US17P3_20" time="2.229" errors="0" timestamp="2026-02-25T15:54:44 IST" skipped="0">
  <testcase classname="com.insureedge.tests.aditya.AccessibilityCreateAccountFormTest_US17P3_20" name="focusOrderInsideForm_shouldMatchDom" time="2.229"/>
</testsuite> <!-- com.insureedge.tests.aditya.AccessibilityCreateAccountFormTest_US17P3_20 -->
