<?xml version="1.0" encoding="UTF-8"?>
<!-- Generated by org.testng.reporters.JUnitReportReporter -->
<testsuite hostname="LTIN674123" failures="0" tests="2" name="com.insureedge.tests.harish.US17P306LoginButtonUIValidation" time="0.040" errors="0" timestamp="2026-02-25T15:54:44 IST" skipped="0">
  <testcase classname="com.insureedge.tests.harish.US17P306LoginButtonUIValidation" name="testLoginButtonText" time="0.017"/>
  <testcase classname="com.insureedge.tests.harish.US17P306LoginButtonUIValidation" name="testLoginButtonEnabled" time="0.023"/>
</testsuite> <!-- com.insureedge.tests.harish.US17P306LoginButtonUIValidation -->
