<?xml version="1.0" encoding="UTF-8"?>
<!-- Generated by org.testng.reporters.JUnitReportReporter -->
<testsuite hostname="LTIN674123" failures="0" tests="3" name="com.insureedge.tests.sarbik.InsureEdgeUS17P3_18Test" time="0.496" errors="0" timestamp="2026-02-25T15:54:44 IST" skipped="0">
  <testcase classname="com.insureedge.tests.sarbik.InsureEdgeUS17P3_18Test" name="visibilityOfCheckboxAndText" time="0.045"/>
  <testcase classname="com.insureedge.tests.sarbik.InsureEdgeUS17P3_18Test" name="termsLinkClickableAndColor" time="0.187"/>
  <testcase classname="com.insureedge.tests.sarbik.InsureEdgeUS17P3_18Test" name="layoutAndCheckboxSelect" time="0.264"/>
</testsuite> <!-- com.insureedge.tests.sarbik.InsureEdgeUS17P3_18Test -->
