<?xml version="1.0" encoding="UTF-8"?>
<!-- Generated by org.testng.reporters.JUnitReportReporter -->
<testsuite hostname="LTIN674123" failures="0" tests="1" name="com.insureedge.tests.harish.US17P3_12MandatoryFieldsUsernamePassword" time="1.498" errors="0" timestamp="2026-02-25T15:54:44 IST" skipped="0">
  <testcase classname="com.insureedge.tests.harish.US17P3_12MandatoryFieldsUsernamePassword" name="runOriginalScenariosWithBaseDriver" time="1.498"/>
</testsuite> <!-- com.insureedge.tests.harish.US17P3_12MandatoryFieldsUsernamePassword -->
