<?xml version="1.0" encoding="UTF-8"?>
<!-- Generated by org.testng.reporters.JUnitReportReporter -->
<testsuite hostname="LTIN674123" failures="0" tests="6" name="com.insureedge.tests.sarbik.InsureEdgeUS17P3_03Test" time="0.519" errors="0" timestamp="2026-02-25T15:54:44 IST" skipped="0">
  <testcase classname="com.insureedge.tests.sarbik.InsureEdgeUS17P3_03Test" name="verifyPrefixNonClickable" time="0.054"/>
  <testcase classname="com.insureedge.tests.sarbik.InsureEdgeUS17P3_03Test" name="verifyUsernameFieldVisible" time="0.017"/>
  <testcase classname="com.insureedge.tests.sarbik.InsureEdgeUS17P3_03Test" name="verifyLabelTextAndColor" time="0.065"/>
  <testcase classname="com.insureedge.tests.sarbik.InsureEdgeUS17P3_03Test" name="verifyCannotTypeOnPrefix" time="0.107"/>
  <testcase classname="com.insureedge.tests.sarbik.InsureEdgeUS17P3_03Test" name="verifyUsernameInput" time="0.210"/>
  <testcase classname="com.insureedge.tests.sarbik.InsureEdgeUS17P3_03Test" name="verifyPrefixAndUsernameBackgroundColors" time="0.066"/>
</testsuite> <!-- com.insureedge.tests.sarbik.InsureEdgeUS17P3_03Test -->
