<?xml version="1.0" encoding="UTF-8"?>
<!-- Generated by org.testng.reporters.JUnitReportReporter -->
<testsuite hostname="LTIN674123" failures="0" tests="1" name="com.insureedge.tests.harish.US17P3_25_BreadcrumbValidation" time="0.466" errors="0" timestamp="2026-02-25T15:54:44 IST" skipped="0">
  <testcase classname="com.insureedge.tests.harish.US17P3_25_BreadcrumbValidation" name="validateBreadcrumbHomeDashboard" time="0.466"/>
</testsuite> <!-- com.insureedge.tests.harish.US17P3_25_BreadcrumbValidation -->
