<?xml version="1.0" encoding="UTF-8"?>
<!-- Generated by org.testng.reporters.JUnitReportReporter -->
<testsuite hostname="LTIN674123" failures="0" tests="1" name="com.insureedge.tests.harish.US17P3_27PageSections_HeaderCardsFooter_UI_Validation" time="0.278" errors="0" timestamp="2026-02-25T15:54:44 IST" skipped="0">
  <testcase classname="com.insureedge.tests.harish.US17P3_27PageSections_HeaderCardsFooter_UI_Validation" name="validatePageSections" time="0.278"/>
</testsuite> <!-- com.insureedge.tests.harish.US17P3_27PageSections_HeaderCardsFooter_UI_Validation -->
